<?xml version="1.0" encoding="UTF-8"?>
<!-- Generated by org.testng.reporters.JUnitReportReporter -->
<testsuite hostname="SachinShinde" failures="0" tests="1" name="CucumberOptions.TestNGRunner" time="33.952" errors="0" timestamp="2025-09-26T11:31:44 IST" skipped="0">
  <testcase classname="CucumberOptions.TestNGRunner" name="runScenario" time="33.952"/>
</testsuite> <!-- CucumberOptions.TestNGRunner -->
